Sender: LSF System <lsfadmin@polus-c4-ib.bmc.hpc.cs.msu.ru>
Subject: Job 859468: <# this file was automaticly created by mpisubmit.pl script for edu-cmc-skmodel21-622-19 #;source /polusfs/setenv/setup.SMPI;#BSUB -n 10;#BSUB -W 00:15;#BSUB -o main.%J.out;#BSUB -e main.%J.err;OMP_NUM_THREADS=1 mpiexec main configs/config_128_pi.ini> in cluster <MSUCluster> Done

Job <# this file was automaticly created by mpisubmit.pl script for edu-cmc-skmodel21-622-19 #;source /polusfs/setenv/setup.SMPI;#BSUB -n 10;#BSUB -W 00:15;#BSUB -o main.%J.out;#BSUB -e main.%J.err;OMP_NUM_THREADS=1 mpiexec main configs/config_128_pi.ini> was submitted from host <polus-ib.bmc.hpc.cs.msu.ru> by user <edu-cmc-skmodel21-622-19> in cluster <MSUCluster> at Tue Dec 21 17:33:57 2021
Job was executed on host(s) <10*polus-c4-ib.bmc.hpc.cs.msu.ru>, in queue <short>, as user <edu-cmc-skmodel21-622-19> in cluster <MSUCluster> at Tue Dec 21 17:33:57 2021
</home_edu/edu-cmc-skmodel21-622/edu-cmc-skmodel21-622-19> was used as the home directory.
</home_edu/edu-cmc-skmodel21-622/edu-cmc-skmodel21-622-19/task3> was used as the working directory.
Started at Tue Dec 21 17:33:57 2021
Terminated at Tue Dec 21 17:33:58 2021
Results reported at Tue Dec 21 17:33:58 2021

Your job looked like:

------------------------------------------------------------
# LSBATCH: User input
# this file was automaticly created by mpisubmit.pl script for edu-cmc-skmodel21-622-19 #
source /polusfs/setenv/setup.SMPI
#BSUB -n 10
#BSUB -W 00:15
#BSUB -o main.%J.out
#BSUB -e main.%J.err
OMP_NUM_THREADS=1 mpiexec main configs/config_128_pi.ini

------------------------------------------------------------

Successfully completed.

Resource usage summary:

    CPU time :                                   5.91 sec.
    Max Memory :                                 610 MB
    Average Memory :                             407.00 MB
    Total Requested Memory :                     -
    Delta Memory :                               -
    Max Swap :                                   -
    Max Processes :                              14
    Max Threads :                                39
    Run time :                                   6 sec.
    Turnaround time :                            1 sec.

The output (if any) follows:

Config:
L_x: 3.14159
L_y: 3.14159
L_z: 3.14159
T: 0.025
N_x: 128
N_y: 128
N_z: 128
Boundary condition on axis 0 - periodic
Boundary condition on axis 1 - periodic
Boundary condition on axis 2 - periodic
K: 20
save_layers: 0
save_step: 5
layers_path: ./layers/

Number of processes: 10

Maximum error: 2.43122e-05
Ellapsed time: 0.503114


PS:

Read file <main.859468.err> for stderr output of this job.

